CRITICAL - 2022-08-26 11:20:34 --> Object of class CodeIgniter\Pager\Pager could not be converted to string
in APPPATH/Views/invoice.php on line 200.
 1 SYSTEMPATH/View/View.php(213): include()
 2 SYSTEMPATH/View/View.php(216): CodeIgniter\View\View->CodeIgniter\View\{closure}()
 3 SYSTEMPATH/Common.php(1137): CodeIgniter\View\View->render('invoice', [], true)
 4 APPPATH/Controllers/Invoice.php(57): view('invoice', [...])
 5 SYSTEMPATH/CodeIgniter.php(904): App\Controllers\Invoice->index()
 6 SYSTEMPATH/CodeIgniter.php(457): CodeIgniter\CodeIgniter->runController(Object(App\Controllers\Invoice))
 7 SYSTEMPATH/CodeIgniter.php(340): CodeIgniter\CodeIgniter->handleRequest(null, Object(Config\Cache), false)
 8 FCPATH/index.php(67): CodeIgniter\CodeIgniter->run()
ERROR - 2022-08-26 15:13:31 --> mysqli_sql_exception: Table 'invoice_generator.discounts' doesn't exist in /opt/lampp/htdocs/test-fingent/system/Database/MySQLi/Connection.php:292
Stack trace:
#0 /opt/lampp/htdocs/test-fingent/system/Database/MySQLi/Connection.php(292): mysqli->query('SELECT *\nFROM `...', 0)
#1 /opt/lampp/htdocs/test-fingent/system/Database/BaseConnection.php(693): CodeIgniter\Database\MySQLi\Connection->execute('SELECT *\nFROM `...')
#2 /opt/lampp/htdocs/test-fingent/system/Database/BaseConnection.php(620): CodeIgniter\Database\BaseConnection->simpleQuery('SELECT *\nFROM `...')
#3 /opt/lampp/htdocs/test-fingent/system/Database/BaseBuilder.php(1585): CodeIgniter\Database\BaseConnection->query('SELECT *\nFROM `...', Array, false)
#4 /opt/lampp/htdocs/test-fingent/system/Model.php(249): CodeIgniter\Database\BaseBuilder->get()
#5 /opt/lampp/htdocs/test-fingent/system/BaseModel.php(622): CodeIgniter\Model->doFirst()
#6 /opt/lampp/htdocs/test-fingent/app/Controllers/Invoice.php(97): CodeIgniter\BaseModel->first()
#7 /opt/lampp/htdocs/test-fingent/system/CodeIgniter.php(904): App\Controllers\Invoice->submitDiscount()
#8 /opt/lampp/htdocs/test-fingent/system/CodeIgniter.php(457): CodeIgniter\CodeIgniter->runController(Object(App\Controllers\Invoice))
#9 /opt/lampp/htdocs/test-fingent/system/CodeIgniter.php(340): CodeIgniter\CodeIgniter->handleRequest(NULL, Object(Config\Cache), false)
#10 /opt/lampp/htdocs/test-fingent/index.php(67): CodeIgniter\CodeIgniter->run()
#11 {main}
CRITICAL - 2022-08-26 15:13:31 --> Table 'invoice_generator.discounts' doesn't exist
in SYSTEMPATH/Database/MySQLi/Connection.php on line 292.
 1 SYSTEMPATH/Database/MySQLi/Connection.php(292): mysqli->query('SELECT *
FROM `discounts`
 LIMIT 1', 0)
 2 SYSTEMPATH/Database/BaseConnection.php(693): CodeIgniter\Database\MySQLi\Connection->execute('SELECT *
FROM `discounts`
 LIMIT 1')
 3 SYSTEMPATH/Database/BaseConnection.php(620): CodeIgniter\Database\BaseConnection->simpleQuery('SELECT *
FROM `discounts`
 LIMIT 1')
 4 SYSTEMPATH/Database/BaseBuilder.php(1585): CodeIgniter\Database\BaseConnection->query('SELECT *
FROM `discounts`
 LIMIT 1', [], false)
 5 SYSTEMPATH/Model.php(249): CodeIgniter\Database\BaseBuilder->get()
 6 SYSTEMPATH/BaseModel.php(622): CodeIgniter\Model->doFirst()
 7 APPPATH/Controllers/Invoice.php(97): CodeIgniter\BaseModel->first()
 8 SYSTEMPATH/CodeIgniter.php(904): App\Controllers\Invoice->submitDiscount()
 9 SYSTEMPATH/CodeIgniter.php(457): CodeIgniter\CodeIgniter->runController(Object(App\Controllers\Invoice))
10 SYSTEMPATH/CodeIgniter.php(340): CodeIgniter\CodeIgniter->handleRequest(null, Object(Config\Cache), false)
11 FCPATH/index.php(67): CodeIgniter\CodeIgniter->run()
CRITICAL - 2022-08-26 15:14:11 --> Trying to access array offset on value of type null
in APPPATH/Controllers/Invoice.php on line 99.
 1 APPPATH/Controllers/Invoice.php(99): CodeIgniter\Debug\Exceptions->errorHandler(8, 'Trying to access array offset on value of type null', 'APPPATH/Controllers/Invoice.php', 99, [...])
 2 SYSTEMPATH/CodeIgniter.php(904): App\Controllers\Invoice->submitDiscount()
 3 SYSTEMPATH/CodeIgniter.php(457): CodeIgniter\CodeIgniter->runController(Object(App\Controllers\Invoice))
 4 SYSTEMPATH/CodeIgniter.php(340): CodeIgniter\CodeIgniter->handleRequest(null, Object(Config\Cache), false)
 5 FCPATH/index.php(67): CodeIgniter\CodeIgniter->run()
