CRITICAL - 2022-08-25 10:29:40 --> Call to undefined function form_open()
in APPPATH/Views/invoice.php on line 110.
 1 SYSTEMPATH/View/View.php(213): include()
 2 SYSTEMPATH/View/View.php(216): CodeIgniter\View\View->CodeIgniter\View\{closure}()
 3 SYSTEMPATH/Common.php(1137): CodeIgniter\View\View->render('invoice', [], true)
 4 APPPATH/Controllers/Invoice.php(9): view('invoice')
 5 SYSTEMPATH/CodeIgniter.php(904): App\Controllers\Invoice->index()
 6 SYSTEMPATH/CodeIgniter.php(457): CodeIgniter\CodeIgniter->runController(Object(App\Controllers\Invoice))
 7 SYSTEMPATH/CodeIgniter.php(340): CodeIgniter\CodeIgniter->handleRequest(null, Object(Config\Cache), false)
 8 FCPATH/index.php(67): CodeIgniter\CodeIgniter->run()
CRITICAL - 2022-08-25 10:30:19 --> Undefined variable: validation
in APPPATH/Views/invoice.php on line 125.
 1 APPPATH/Views/invoice.php(125): CodeIgniter\Debug\Exceptions->errorHandler(8, 'Undefined variable: validation', 'APPPATH/Views/invoice.php', 125, [])
 2 SYSTEMPATH/View/View.php(213): include('APPPATH/Views/invoice.php')
 3 SYSTEMPATH/View/View.php(216): CodeIgniter\View\View->CodeIgniter\View\{closure}()
 4 SYSTEMPATH/Common.php(1137): CodeIgniter\View\View->render('invoice', [], true)
 5 APPPATH/Controllers/Invoice.php(9): view('invoice')
 6 SYSTEMPATH/CodeIgniter.php(904): App\Controllers\Invoice->index()
 7 SYSTEMPATH/CodeIgniter.php(457): CodeIgniter\CodeIgniter->runController(Object(App\Controllers\Invoice))
 8 SYSTEMPATH/CodeIgniter.php(340): CodeIgniter\CodeIgniter->handleRequest(null, Object(Config\Cache), false)
 9 FCPATH/index.php(67): CodeIgniter\CodeIgniter->run()
CRITICAL - 2022-08-25 10:40:06 --> Undefined variable: validation
in APPPATH/Views/invoice.php on line 125.
 1 APPPATH/Views/invoice.php(125): CodeIgniter\Debug\Exceptions->errorHandler(8, 'Undefined variable: validation', 'APPPATH/Views/invoice.php', 125, [])
 2 SYSTEMPATH/View/View.php(213): include('APPPATH/Views/invoice.php')
 3 SYSTEMPATH/View/View.php(216): CodeIgniter\View\View->CodeIgniter\View\{closure}()
 4 SYSTEMPATH/Common.php(1137): CodeIgniter\View\View->render('invoice', [], true)
 5 APPPATH/Controllers/Invoice.php(9): view('invoice')
 6 SYSTEMPATH/CodeIgniter.php(904): App\Controllers\Invoice->index()
 7 SYSTEMPATH/CodeIgniter.php(457): CodeIgniter\CodeIgniter->runController(Object(App\Controllers\Invoice))
 8 SYSTEMPATH/CodeIgniter.php(340): CodeIgniter\CodeIgniter->handleRequest(null, Object(Config\Cache), false)
 9 FCPATH/index.php(67): CodeIgniter\CodeIgniter->run()
CRITICAL - 2022-08-25 12:41:49 --> Allowed fields must be specified for model: App\Models\ProductModel
in SYSTEMPATH/BaseModel.php on line 1139.
 1 SYSTEMPATH/BaseModel.php(1139): CodeIgniter\Database\Exceptions\DataException::forInvalidAllowedFields('App\\Models\\ProductModel')
 2 SYSTEMPATH/BaseModel.php(713): CodeIgniter\BaseModel->doProtectFields([...])
 3 SYSTEMPATH/Model.php(666): CodeIgniter\BaseModel->insert([...], false)
 4 SYSTEMPATH/BaseModel.php(658): CodeIgniter\Model->insert(Object(App\Models\ProductModel), false)
 5 APPPATH/Controllers/Invoice.php(28): CodeIgniter\BaseModel->save(Object(App\Models\ProductModel))
 6 SYSTEMPATH/CodeIgniter.php(904): App\Controllers\Invoice->index()
 7 SYSTEMPATH/CodeIgniter.php(457): CodeIgniter\CodeIgniter->runController(Object(App\Controllers\Invoice))
 8 SYSTEMPATH/CodeIgniter.php(340): CodeIgniter\CodeIgniter->handleRequest(null, Object(Config\Cache), false)
 9 FCPATH/index.php(67): CodeIgniter\CodeIgniter->run()
CRITICAL - 2022-08-25 12:42:36 --> There is no data to insert.
in SYSTEMPATH/BaseModel.php on line 718.
 1 SYSTEMPATH/BaseModel.php(718): CodeIgniter\Database\Exceptions\DataException::forEmptyDataset('insert')
 2 SYSTEMPATH/Model.php(666): CodeIgniter\BaseModel->insert([], false)
 3 SYSTEMPATH/BaseModel.php(658): CodeIgniter\Model->insert(Object(App\Models\ProductModel), false)
 4 APPPATH/Controllers/Invoice.php(28): CodeIgniter\BaseModel->save(Object(App\Models\ProductModel))
 5 SYSTEMPATH/CodeIgniter.php(904): App\Controllers\Invoice->index()
 6 SYSTEMPATH/CodeIgniter.php(457): CodeIgniter\CodeIgniter->runController(Object(App\Controllers\Invoice))
 7 SYSTEMPATH/CodeIgniter.php(340): CodeIgniter\CodeIgniter->handleRequest(null, Object(Config\Cache), false)
 8 FCPATH/index.php(67): CodeIgniter\CodeIgniter->run()
CRITICAL - 2022-08-25 12:42:42 --> Call to a member function getError() on array
in APPPATH/Views/invoice.php on line 125.
 1 SYSTEMPATH/View/View.php(213): include()
 2 SYSTEMPATH/View/View.php(216): CodeIgniter\View\View->CodeIgniter\View\{closure}()
 3 SYSTEMPATH/Common.php(1137): CodeIgniter\View\View->render('invoice', [], true)
 4 APPPATH/Controllers/Invoice.php(37): view('invoice', [...])
 5 SYSTEMPATH/CodeIgniter.php(904): App\Controllers\Invoice->index()
 6 SYSTEMPATH/CodeIgniter.php(457): CodeIgniter\CodeIgniter->runController(Object(App\Controllers\Invoice))
 7 SYSTEMPATH/CodeIgniter.php(340): CodeIgniter\CodeIgniter->handleRequest(null, Object(Config\Cache), false)
 8 FCPATH/index.php(67): CodeIgniter\CodeIgniter->run()
CRITICAL - 2022-08-25 12:44:35 --> There is no data to insert.
in SYSTEMPATH/BaseModel.php on line 718.
 1 SYSTEMPATH/BaseModel.php(718): CodeIgniter\Database\Exceptions\DataException::forEmptyDataset('insert')
 2 SYSTEMPATH/Model.php(666): CodeIgniter\BaseModel->insert([], false)
 3 SYSTEMPATH/BaseModel.php(658): CodeIgniter\Model->insert(Object(App\Models\ProductModel), false)
 4 APPPATH/Controllers/Invoice.php(28): CodeIgniter\BaseModel->save(Object(App\Models\ProductModel))
 5 SYSTEMPATH/CodeIgniter.php(904): App\Controllers\Invoice->index()
 6 SYSTEMPATH/CodeIgniter.php(457): CodeIgniter\CodeIgniter->runController(Object(App\Controllers\Invoice))
 7 SYSTEMPATH/CodeIgniter.php(340): CodeIgniter\CodeIgniter->handleRequest(null, Object(Config\Cache), false)
 8 FCPATH/index.php(67): CodeIgniter\CodeIgniter->run()
ERROR - 2022-08-25 12:44:57 --> mysqli_sql_exception: No database selected in /opt/lampp/htdocs/test-fingent/system/Database/MySQLi/Connection.php:292
Stack trace:
#0 /opt/lampp/htdocs/test-fingent/system/Database/MySQLi/Connection.php(292): mysqli->query('INSERT INTO `pr...', 0)
#1 /opt/lampp/htdocs/test-fingent/system/Database/BaseConnection.php(693): CodeIgniter\Database\MySQLi\Connection->execute('INSERT INTO `pr...')
#2 /opt/lampp/htdocs/test-fingent/system/Database/BaseConnection.php(620): CodeIgniter\Database\BaseConnection->simpleQuery('INSERT INTO `pr...')
#3 /opt/lampp/htdocs/test-fingent/system/Database/BaseBuilder.php(1916): CodeIgniter\Database\BaseConnection->query('INSERT INTO `pr...', Array, false)
#4 /opt/lampp/htdocs/test-fingent/system/Model.php(278): CodeIgniter\Database\BaseBuilder->insert()
#5 /opt/lampp/htdocs/test-fingent/system/BaseModel.php(738): CodeIgniter\Model->doInsert(Array)
#6 /opt/lampp/htdocs/test-fingent/system/Model.php(666): CodeIgniter\BaseModel->insert(Array, false)
#7 /opt/lampp/htdocs/test-fingent/system/BaseModel.php(658): CodeIgniter\Model->insert(Array, false)
#8 /opt/lampp/htdocs/test-fingent/app/Controllers/Invoice.php(28): CodeIgniter\BaseModel->save(Array)
#9 /opt/lampp/htdocs/test-fingent/system/CodeIgniter.php(904): App\Controllers\Invoice->index()
#10 /opt/lampp/htdocs/test-fingent/system/CodeIgniter.php(457): CodeIgniter\CodeIgniter->runController(Object(App\Controllers\Invoice))
#11 /opt/lampp/htdocs/test-fingent/system/CodeIgniter.php(340): CodeIgniter\CodeIgniter->handleRequest(NULL, Object(Config\Cache), false)
#12 /opt/lampp/htdocs/test-fingent/index.php(67): CodeIgniter\CodeIgniter->run()
#13 {main}
CRITICAL - 2022-08-25 12:44:57 --> No database selected
in SYSTEMPATH/Database/MySQLi/Connection.php on line 292.
 1 SYSTEMPATH/Database/MySQLi/Connection.php(292): mysqli->query('INSERT INTO `products` (`name`, `quantity`, `price`, `tax`, `total_price`, `total_amount`) VALUES (\'Product 1\', \'1\', \'10\', \'1\', 10, 1)', 0)
 2 SYSTEMPATH/Database/BaseConnection.php(693): CodeIgniter\Database\MySQLi\Connection->execute('INSERT INTO `products` (`name`, `quantity`, `price`, `tax`, `total_price`, `total_amount`) VALUES (\'Product 1\', \'1\', \'10\', \'1\', 10, 1)')
 3 SYSTEMPATH/Database/BaseConnection.php(620): CodeIgniter\Database\BaseConnection->simpleQuery('INSERT INTO `products` (`name`, `quantity`, `price`, `tax`, `total_price`, `total_amount`) VALUES (\'Product 1\', \'1\', \'10\', \'1\', 10, 1)')
 4 SYSTEMPATH/Database/BaseBuilder.php(1916): CodeIgniter\Database\BaseConnection->query('INSERT INTO `products` (`name`, `quantity`, `price`, `tax`, `total_price`, `total_amount`) VALUES (:name:, :quantity:, :price:, :tax:, :total_price:, :total_amount:)', [...], false)
 5 SYSTEMPATH/Model.php(278): CodeIgniter\Database\BaseBuilder->insert()
 6 SYSTEMPATH/BaseModel.php(738): CodeIgniter\Model->doInsert([...])
 7 SYSTEMPATH/Model.php(666): CodeIgniter\BaseModel->insert([...], false)
 8 SYSTEMPATH/BaseModel.php(658): CodeIgniter\Model->insert([...], false)
 9 APPPATH/Controllers/Invoice.php(28): CodeIgniter\BaseModel->save([...])
10 SYSTEMPATH/CodeIgniter.php(904): App\Controllers\Invoice->index()
11 SYSTEMPATH/CodeIgniter.php(457): CodeIgniter\CodeIgniter->runController(Object(App\Controllers\Invoice))
12 SYSTEMPATH/CodeIgniter.php(340): CodeIgniter\CodeIgniter->handleRequest(null, Object(Config\Cache), false)
13 FCPATH/index.php(67): CodeIgniter\CodeIgniter->run()
CRITICAL - 2022-08-25 14:08:16 --> You must provide a valid column name not separated by comma.
in SYSTEMPATH/Database/BaseBuilder.php on line 491.
 1 SYSTEMPATH/Database/BaseBuilder.php(491): CodeIgniter\Database\Exceptions\DataException::forInvalidArgument('column name not separated by comma')
 2 SYSTEMPATH/Database/BaseBuilder.php(448): CodeIgniter\Database\BaseBuilder->maxMinAvgSum('total_price, total_amount', '/opt/lampp/htdocs/test-fingent', 'SUM')
 3 SYSTEMPATH/Model.php(771): CodeIgniter\Database\BaseBuilder->selectSum('total_price, total_amount')
 4 APPPATH/Models/ProductModel.php(51): CodeIgniter\Model->__call('selectSum', [...])
 5 APPPATH/Controllers/Invoice.php(55): App\Models\ProductModel->getSumData()
 6 SYSTEMPATH/CodeIgniter.php(904): App\Controllers\Invoice->index()
 7 SYSTEMPATH/CodeIgniter.php(457): CodeIgniter\CodeIgniter->runController(Object(App\Controllers\Invoice))
 8 SYSTEMPATH/CodeIgniter.php(340): CodeIgniter\CodeIgniter->handleRequest(null, Object(Config\Cache), false)
 9 FCPATH/index.php(67): CodeIgniter\CodeIgniter->run()
